[debug] [2025-11-11T13:56:25.757Z] ----------------------------------------------------------------------
[debug] [2025-11-11T13:56:25.759Z] Command:       C:\Program Files\nodejs\node.exe C:\Users\Robb\AppData\Roaming\npm\node_modules\firebase-tools\lib\bin\firebase.js init functions
[debug] [2025-11-11T13:56:25.759Z] CLI Version:   14.24.2
[debug] [2025-11-11T13:56:25.759Z] Platform:      win32
[debug] [2025-11-11T13:56:25.760Z] Node Version:  v22.18.0
[debug] [2025-11-11T13:56:25.760Z] Time:          Tue Nov 11 2025 21:56:25 GMT+0800 (Philippine Standard Time)
[debug] [2025-11-11T13:56:25.760Z] ----------------------------------------------------------------------
[debug] 
[debug] [2025-11-11T13:56:25.761Z] >>> [apiv2][query] GET https://firebase-public.firebaseio.com/cli.json [none]
[info] 
     ######## #### ########  ######## ########     ###     ######  ########
     ##        ##  ##     ## ##       ##     ##  ##   ##  ##       ##
     ######    ##  ########  ######   ########  #########  ######  ######
     ##        ##  ##    ##  ##       ##     ## ##     ##       ## ##
     ##       #### ##     ## ######## ########  ##     ##  ######  ########

You're about to initialize a Firebase project in this directory:

  C:\Users\Robb\Documents\invitation

Before we get started, keep in mind:

  * You are initializing within an existing Firebase project directory

[debug] [2025-11-11T13:56:26.360Z] <<< [apiv2][status] GET https://firebase-public.firebaseio.com/cli.json 200
[debug] [2025-11-11T13:56:26.361Z] <<< [apiv2][body] GET https://firebase-public.firebaseio.com/cli.json {"cloudBuildErrorAfter":1594252800000,"cloudBuildWarnAfter":1590019200000,"defaultNode10After":1594252800000,"minVersion":"3.0.5","node8DeploysDisabledAfter":1613390400000,"node8RuntimeDisabledAfter":1615809600000,"node8WarnAfter":1600128000000}
[info] 
=== Project Setup
[info] 
[info] First, let's associate this project directory with a Firebase project.
[info] You can create multiple project aliases by running firebase use --add, 
[info] 
[debug] [2025-11-11T13:56:34.801Z] > command requires scopes: ["email","openid","https://www.googleapis.com/auth/cloudplatformprojects.readonly","https://www.googleapis.com/auth/firebase","https://www.googleapis.com/auth/cloud-platform"]
[debug] [2025-11-11T13:56:34.801Z] > authorizing via signed-in user (robbjullian730@gmail.com)
[debug] [2025-11-11T13:56:34.803Z] Checked if tokens are valid: false, expires at: 1762350887420
[debug] [2025-11-11T13:56:34.803Z] Checked if tokens are valid: false, expires at: 1762350887420
[debug] [2025-11-11T13:56:34.803Z] > refreshing access token with scopes: []
[debug] [2025-11-11T13:56:34.807Z] >>> [apiv2][query] POST https://www.googleapis.com/oauth2/v3/token [none]
[debug] [2025-11-11T13:56:34.807Z] >>> [apiv2][body] POST https://www.googleapis.com/oauth2/v3/token [omitted]
[debug] [2025-11-11T13:56:34.942Z] <<< [apiv2][status] POST https://www.googleapis.com/oauth2/v3/token 200
[debug] [2025-11-11T13:56:34.943Z] <<< [apiv2][body] POST https://www.googleapis.com/oauth2/v3/token [omitted]
[debug] [2025-11-11T13:56:34.953Z] >>> [apiv2][query] GET https://firebase.googleapis.com/v1beta1/projects/simplelogin-7b738 [none]
[debug] [2025-11-11T13:56:35.285Z] <<< [apiv2][status] GET https://firebase.googleapis.com/v1beta1/projects/simplelogin-7b738 200
[debug] [2025-11-11T13:56:35.285Z] <<< [apiv2][body] GET https://firebase.googleapis.com/v1beta1/projects/simplelogin-7b738 {"projectId":"simplelogin-7b738","projectNumber":"662582329079","displayName":"simpleLogin","name":"projects/simplelogin-7b738","resources":{"hostingSite":"simplelogin-7b738"},"state":"ACTIVE","etag":"1_e8bcceeb-6481-49cc-8a36-2ba2d36cd120"}
[info] i  Using project simplelogin-7b738 (simpleLogin) . 
[info] 
=== Functions Setup
[debug] [2025-11-11T13:56:35.294Z] > command requires scopes: ["email","openid","https://www.googleapis.com/auth/cloudplatformprojects.readonly","https://www.googleapis.com/auth/firebase","https://www.googleapis.com/auth/cloud-platform"]
[debug] [2025-11-11T13:56:35.294Z] > authorizing via signed-in user (robbjullian730@gmail.com)
[debug] [2025-11-11T13:56:35.294Z] [iam] checking project simplelogin-7b738 for permissions ["firebase.projects.get"]
[debug] [2025-11-11T13:56:35.295Z] Checked if tokens are valid: true, expires at: 1762872993943
[debug] [2025-11-11T13:56:35.295Z] Checked if tokens are valid: true, expires at: 1762872993943
[debug] [2025-11-11T13:56:35.295Z] >>> [apiv2][query] POST https://cloudresourcemanager.googleapis.com/v1/projects/simplelogin-7b738:testIamPermissions [none]
[debug] [2025-11-11T13:56:35.295Z] >>> [apiv2][(partial)header] POST https://cloudresourcemanager.googleapis.com/v1/projects/simplelogin-7b738:testIamPermissions x-goog-quota-user=projects/simplelogin-7b738
[debug] [2025-11-11T13:56:35.295Z] >>> [apiv2][body] POST https://cloudresourcemanager.googleapis.com/v1/projects/simplelogin-7b738:testIamPermissions {"permissions":["firebase.projects.get"]}
[debug] [2025-11-11T13:56:36.285Z] <<< [apiv2][status] POST https://cloudresourcemanager.googleapis.com/v1/projects/simplelogin-7b738:testIamPermissions 200
[debug] [2025-11-11T13:56:36.285Z] <<< [apiv2][body] POST https://cloudresourcemanager.googleapis.com/v1/projects/simplelogin-7b738:testIamPermissions {"permissions":["firebase.projects.get"]}
[info] 
Detected existing codebase(s): default

[debug] [2025-11-11T13:57:43.291Z] ExitPromptError: User force closed the prompt with SIGINT
    at Interface.sigint (C:\Users\Robb\AppData\Roaming\npm\node_modules\firebase-tools\node_modules\@inquirer\core\dist\commonjs\lib\create-prompt.js:101:37)
    at Interface.emit (node:events:518:28)
    at Interface.emit (node:domain:489:12)
    at [_ttyWrite] [as _ttyWrite] (node:internal/readline/interface:1132:18)
    at ReadStream.onkeypress (node:internal/readline/interface:271:20)
    at ReadStream.emit (node:events:530:35)
    at ReadStream.emit (node:domain:489:12)
    at emitKeys (node:internal/readline/utils:370:14)
    at emitKeys.next (<anonymous>)
    at ReadStream.onData (node:internal/readline/emitKeypressEvents:64:36)
[error] 
[error] Error: An unexpected error has occurred.
